2024-06-03 18:47:06.032 [info] Added views:workbench.panel.markers.view in workbench.panel.markers
2024-06-03 18:47:06.032 [info] Added views:workbench.panel.output in workbench.panel.output
2024-06-03 18:47:06.032 [info] Added views:terminal in terminal
2024-06-03 18:47:06.032 [info] Added views:outline in workbench.view.explorer
2024-06-03 18:47:06.032 [info] Added views:workbench.scm in workbench.view.scm
2024-06-03 18:47:06.032 [info] Added views:workbench.view.search in workbench.view.search
2024-06-03 18:47:06.032 [info] Added views:timeline in workbench.view.explorer
2024-06-03 18:47:06.032 [info] Added views:workbench.explorer.emptyView in workbench.view.explorer
2024-06-03 18:47:15.480 [info] Added views:workbench.debug.variablesView,workbench.debug.watchExpressionsView,workbench.debug.callStackView,workbench.debug.breakPointsView in workbench.view.debug
2024-06-03 18:47:16.445 [info] Added views:workbench.panel.repl.view in workbench.panel.repl
2024-06-03 18:47:16.459 [info] Removed views:workbench.debug.breakPointsView,workbench.debug.callStackView,workbench.debug.watchExpressionsView,workbench.debug.variablesView from workbench.view.debug
2024-06-03 18:47:16.478 [info] Added views:workbench.debug.welcome in workbench.view.debug
2024-06-03 18:47:18.710 [info] Added views:~remote.forwardedPorts in ~remote.forwardedPortsContainer
2024-06-03 18:48:26.532 [info] Added views:workbench.panel.markers.view in workbench.panel.markers
2024-06-03 18:48:26.532 [info] Added views:workbench.panel.output in workbench.panel.output
2024-06-03 18:48:26.532 [info] Added views:terminal in terminal
2024-06-03 18:48:26.532 [info] Added views:outline in workbench.view.explorer
2024-06-03 18:48:26.532 [info] Added views:workbench.scm in workbench.view.scm
2024-06-03 18:48:26.532 [info] Added views:workbench.view.search in workbench.view.search
2024-06-03 18:48:26.532 [info] Added views:timeline in workbench.view.explorer
2024-06-03 18:48:26.532 [info] Added views:workbench.explorer.fileView in workbench.view.explorer
2024-06-03 18:48:33.588 [info] Added views:workbench.debug.variablesView,workbench.debug.watchExpressionsView,workbench.debug.callStackView,workbench.debug.breakPointsView in workbench.view.debug
2024-06-03 18:48:36.102 [info] Added views:workbench.panel.repl.view in workbench.panel.repl
2024-06-03 18:48:36.163 [info] Removed views:workbench.debug.breakPointsView,workbench.debug.callStackView,workbench.debug.watchExpressionsView,workbench.debug.variablesView from workbench.view.debug
2024-06-03 18:48:36.226 [info] Added views:workbench.debug.welcome in workbench.view.debug
2024-06-03 18:48:45.516 [info] Added views:~remote.forwardedPorts in ~remote.forwardedPortsContainer
